[0.004s] Invoking command in '/home/varunvaidhiya/Desktop/Projects/Mecanum-Wheel-Robot/build/omnibot_bringup': AMENT_PREFIX_PATH=/home/varunvaidhiya/Desktop/Projects/Mecanum-Wheel-Robot/install/omnibot_description:${AMENT_PREFIX_PATH} CMAKE_PREFIX_PATH=/home/varunvaidhiya/Desktop/Projects/Mecanum-Wheel-Robot/install/omnibot_description:/opt/ros/jazzy/opt/gz_math_vendor:/opt/ros/jazzy/opt/gz_utils_vendor:/opt/ros/jazzy/opt/gz_cmake_vendor:/opt/ros/jazzy DEBUGINFOD_URLS=https://debuginfod.ubuntu.com /usr/bin/cmake /home/varunvaidhiya/Desktop/Projects/Mecanum-Wheel-Robot/src/omnibot_bringup -DAMENT_CMAKE_SYMLINK_INSTALL=1 -DCMAKE_INSTALL_PREFIX=/home/varunvaidhiya/Desktop/Projects/Mecanum-Wheel-Robot/install/omnibot_bringup
[0.038s] -- The C compiler identification is GNU 13.3.0
[0.070s] -- The CXX compiler identification is GNU 13.3.0
[0.081s] -- Detecting C compiler ABI info
[0.133s] -- Detecting C compiler ABI info - done
[0.137s] -- Check for working C compiler: /usr/bin/cc - skipped
[0.138s] -- Detecting C compile features
[0.138s] -- Detecting C compile features - done
[0.143s] -- Detecting CXX compiler ABI info
[0.204s] -- Detecting CXX compiler ABI info - done
[0.209s] -- Check for working CXX compiler: /usr/bin/c++ - skipped
[0.209s] -- Detecting CXX compile features
[0.210s] -- Detecting CXX compile features - done
[0.211s] -- Found ament_cmake: 2.5.3 (/opt/ros/jazzy/share/ament_cmake/cmake)
[0.292s] -- Found Python3: /usr/bin/python3 (found version "3.12.3") found components: Interpreter 
[0.332s] -- Override CMake install command with custom implementation using symlinks instead of copying resources
[0.345s] -- Found rclcpp: 28.1.6 (/opt/ros/jazzy/share/rclcpp/cmake)
[0.364s] -- Found rosidl_generator_c: 4.6.5 (/opt/ros/jazzy/share/rosidl_generator_c/cmake)
[0.370s] -- Found rosidl_generator_cpp: 4.6.5 (/opt/ros/jazzy/share/rosidl_generator_cpp/cmake)
[0.378s] -- Using all available rosidl_typesupport_c: rosidl_typesupport_fastrtps_c;rosidl_typesupport_introspection_c
[0.387s] -- Using all available rosidl_typesupport_cpp: rosidl_typesupport_fastrtps_cpp;rosidl_typesupport_introspection_cpp
[0.426s] -- Found rmw_implementation_cmake: 7.3.1 (/opt/ros/jazzy/share/rmw_implementation_cmake/cmake)
[0.427s] -- Found rmw_fastrtps_cpp: 8.4.1 (/opt/ros/jazzy/share/rmw_fastrtps_cpp/cmake)
[0.474s] -- Found OpenSSL: /usr/lib/x86_64-linux-gnu/libcrypto.so (found version "3.0.13")  
[0.486s] -- Found FastRTPS: /opt/ros/jazzy/include (Required is at least version "2.13") 
[0.503s] -- Using RMW implementation 'rmw_fastrtps_cpp' as default
[0.541s] -- Found ament_lint_auto: 0.17.1 (/opt/ros/jazzy/share/ament_lint_auto/cmake)
[0.599s] -- Added test 'flake8' to check Python code syntax and style conventions
[0.599s] -- Configured 'flake8' exclude dirs and/or files: 
[0.599s] -- Added test 'lint_cmake' to check CMake code style
[0.600s] -- Added test 'pep257' to check Python code against some of the docstring style conventions in PEP 257
[0.600s] -- Added test 'xmllint' to check XML markup files
[0.601s] -- Configuring done (0.6s)
[0.603s] -- Generating done (0.0s)
[0.604s] -- Build files have been written to: /home/varunvaidhiya/Desktop/Projects/Mecanum-Wheel-Robot/build/omnibot_bringup
[0.609s] Invoked command in '/home/varunvaidhiya/Desktop/Projects/Mecanum-Wheel-Robot/build/omnibot_bringup' returned '0': AMENT_PREFIX_PATH=/home/varunvaidhiya/Desktop/Projects/Mecanum-Wheel-Robot/install/omnibot_description:${AMENT_PREFIX_PATH} CMAKE_PREFIX_PATH=/home/varunvaidhiya/Desktop/Projects/Mecanum-Wheel-Robot/install/omnibot_description:/opt/ros/jazzy/opt/gz_math_vendor:/opt/ros/jazzy/opt/gz_utils_vendor:/opt/ros/jazzy/opt/gz_cmake_vendor:/opt/ros/jazzy DEBUGINFOD_URLS=https://debuginfod.ubuntu.com /usr/bin/cmake /home/varunvaidhiya/Desktop/Projects/Mecanum-Wheel-Robot/src/omnibot_bringup -DAMENT_CMAKE_SYMLINK_INSTALL=1 -DCMAKE_INSTALL_PREFIX=/home/varunvaidhiya/Desktop/Projects/Mecanum-Wheel-Robot/install/omnibot_bringup
[0.610s] Invoking command in '/home/varunvaidhiya/Desktop/Projects/Mecanum-Wheel-Robot/build/omnibot_bringup': AMENT_PREFIX_PATH=/home/varunvaidhiya/Desktop/Projects/Mecanum-Wheel-Robot/install/omnibot_description:${AMENT_PREFIX_PATH} CMAKE_PREFIX_PATH=/home/varunvaidhiya/Desktop/Projects/Mecanum-Wheel-Robot/install/omnibot_description:/opt/ros/jazzy/opt/gz_math_vendor:/opt/ros/jazzy/opt/gz_utils_vendor:/opt/ros/jazzy/opt/gz_cmake_vendor:/opt/ros/jazzy DEBUGINFOD_URLS=https://debuginfod.ubuntu.com /usr/bin/cmake --build /home/varunvaidhiya/Desktop/Projects/Mecanum-Wheel-Robot/build/omnibot_bringup -- -j24 -l24
[0.632s] Invoked command in '/home/varunvaidhiya/Desktop/Projects/Mecanum-Wheel-Robot/build/omnibot_bringup' returned '0': AMENT_PREFIX_PATH=/home/varunvaidhiya/Desktop/Projects/Mecanum-Wheel-Robot/install/omnibot_description:${AMENT_PREFIX_PATH} CMAKE_PREFIX_PATH=/home/varunvaidhiya/Desktop/Projects/Mecanum-Wheel-Robot/install/omnibot_description:/opt/ros/jazzy/opt/gz_math_vendor:/opt/ros/jazzy/opt/gz_utils_vendor:/opt/ros/jazzy/opt/gz_cmake_vendor:/opt/ros/jazzy DEBUGINFOD_URLS=https://debuginfod.ubuntu.com /usr/bin/cmake --build /home/varunvaidhiya/Desktop/Projects/Mecanum-Wheel-Robot/build/omnibot_bringup -- -j24 -l24
[0.632s] Invoking command in '/home/varunvaidhiya/Desktop/Projects/Mecanum-Wheel-Robot/build/omnibot_bringup': AMENT_PREFIX_PATH=/home/varunvaidhiya/Desktop/Projects/Mecanum-Wheel-Robot/install/omnibot_description:${AMENT_PREFIX_PATH} CMAKE_PREFIX_PATH=/home/varunvaidhiya/Desktop/Projects/Mecanum-Wheel-Robot/install/omnibot_description:/opt/ros/jazzy/opt/gz_math_vendor:/opt/ros/jazzy/opt/gz_utils_vendor:/opt/ros/jazzy/opt/gz_cmake_vendor:/opt/ros/jazzy DEBUGINFOD_URLS=https://debuginfod.ubuntu.com /usr/bin/cmake --install /home/varunvaidhiya/Desktop/Projects/Mecanum-Wheel-Robot/build/omnibot_bringup
[0.638s] -- Install configuration: ""
[0.638s] -- Execute custom install script
[0.638s] -- Symlinking: /home/varunvaidhiya/Desktop/Projects/Mecanum-Wheel-Robot/install/omnibot_bringup/share/omnibot_bringup/launch/display.launch.py
[0.644s] -- Symlinking: /home/varunvaidhiya/Desktop/Projects/Mecanum-Wheel-Robot/install/omnibot_bringup/share/omnibot_bringup/launch/robot.launch.py
[0.649s] -- Symlinking: /home/varunvaidhiya/Desktop/Projects/Mecanum-Wheel-Robot/install/omnibot_bringup/share/omnibot_bringup/config/omnibot.rviz
[0.654s] -- Symlinking: /home/varunvaidhiya/Desktop/Projects/Mecanum-Wheel-Robot/install/omnibot_bringup/share/ament_index/resource_index/package_run_dependencies/omnibot_bringup
[0.658s] -- Symlinking: /home/varunvaidhiya/Desktop/Projects/Mecanum-Wheel-Robot/install/omnibot_bringup/share/ament_index/resource_index/parent_prefix_path/omnibot_bringup
[0.663s] -- Symlinking: /home/varunvaidhiya/Desktop/Projects/Mecanum-Wheel-Robot/install/omnibot_bringup/share/omnibot_bringup/environment/ament_prefix_path.sh
[0.667s] -- Symlinking: /home/varunvaidhiya/Desktop/Projects/Mecanum-Wheel-Robot/install/omnibot_bringup/share/omnibot_bringup/environment/ament_prefix_path.dsv
[0.672s] -- Symlinking: /home/varunvaidhiya/Desktop/Projects/Mecanum-Wheel-Robot/install/omnibot_bringup/share/omnibot_bringup/environment/path.sh
[0.677s] -- Symlinking: /home/varunvaidhiya/Desktop/Projects/Mecanum-Wheel-Robot/install/omnibot_bringup/share/omnibot_bringup/environment/path.dsv
[0.681s] -- Symlinking: /home/varunvaidhiya/Desktop/Projects/Mecanum-Wheel-Robot/install/omnibot_bringup/share/omnibot_bringup/local_setup.bash
[0.687s] -- Symlinking: /home/varunvaidhiya/Desktop/Projects/Mecanum-Wheel-Robot/install/omnibot_bringup/share/omnibot_bringup/local_setup.sh
[0.693s] -- Symlinking: /home/varunvaidhiya/Desktop/Projects/Mecanum-Wheel-Robot/install/omnibot_bringup/share/omnibot_bringup/local_setup.zsh
[0.698s] -- Symlinking: /home/varunvaidhiya/Desktop/Projects/Mecanum-Wheel-Robot/install/omnibot_bringup/share/omnibot_bringup/local_setup.dsv
[0.702s] -- Symlinking: /home/varunvaidhiya/Desktop/Projects/Mecanum-Wheel-Robot/install/omnibot_bringup/share/omnibot_bringup/package.dsv
[0.706s] -- Symlinking: /home/varunvaidhiya/Desktop/Projects/Mecanum-Wheel-Robot/install/omnibot_bringup/share/ament_index/resource_index/packages/omnibot_bringup
[0.711s] -- Symlinking: /home/varunvaidhiya/Desktop/Projects/Mecanum-Wheel-Robot/install/omnibot_bringup/share/omnibot_bringup/cmake/omnibot_bringupConfig.cmake
[0.717s] -- Symlinking: /home/varunvaidhiya/Desktop/Projects/Mecanum-Wheel-Robot/install/omnibot_bringup/share/omnibot_bringup/cmake/omnibot_bringupConfig-version.cmake
[0.721s] -- Symlinking: /home/varunvaidhiya/Desktop/Projects/Mecanum-Wheel-Robot/install/omnibot_bringup/share/omnibot_bringup/package.xml
[0.726s] Invoked command in '/home/varunvaidhiya/Desktop/Projects/Mecanum-Wheel-Robot/build/omnibot_bringup' returned '0': AMENT_PREFIX_PATH=/home/varunvaidhiya/Desktop/Projects/Mecanum-Wheel-Robot/install/omnibot_description:${AMENT_PREFIX_PATH} CMAKE_PREFIX_PATH=/home/varunvaidhiya/Desktop/Projects/Mecanum-Wheel-Robot/install/omnibot_description:/opt/ros/jazzy/opt/gz_math_vendor:/opt/ros/jazzy/opt/gz_utils_vendor:/opt/ros/jazzy/opt/gz_cmake_vendor:/opt/ros/jazzy DEBUGINFOD_URLS=https://debuginfod.ubuntu.com /usr/bin/cmake --install /home/varunvaidhiya/Desktop/Projects/Mecanum-Wheel-Robot/build/omnibot_bringup
