[0.005s] Invoking command in '/home/varunvaidhiya/Desktop/Projects/Mecanum-Wheel-Robot/build/omnibot_description': CMAKE_PREFIX_PATH=${CMAKE_PREFIX_PATH}:/opt/ros/jazzy DEBUGINFOD_URLS=https://debuginfod.ubuntu.com /usr/bin/cmake /home/varunvaidhiya/Desktop/Projects/Mecanum-Wheel-Robot/src/omnibot_description -DAMENT_CMAKE_SYMLINK_INSTALL=1 -DCMAKE_INSTALL_PREFIX=/home/varunvaidhiya/Desktop/Projects/Mecanum-Wheel-Robot/install/omnibot_description
[0.040s] -- The C compiler identification is GNU 13.3.0
[0.077s] -- The CXX compiler identification is GNU 13.3.0
[0.086s] -- Detecting C compiler ABI info
[0.136s] -- Detecting C compiler ABI info - done
[0.141s] -- Check for working C compiler: /usr/bin/cc - skipped
[0.141s] -- Detecting C compile features
[0.141s] -- Detecting C compile features - done
[0.147s] -- Detecting CXX compiler ABI info
[0.204s] -- Detecting CXX compiler ABI info - done
[0.209s] -- Check for working CXX compiler: /usr/bin/c++ - skipped
[0.210s] -- Detecting CXX compile features
[0.210s] -- Detecting CXX compile features - done
[0.211s] -- Found ament_cmake: 2.5.3 (/opt/ros/jazzy/share/ament_cmake/cmake)
[0.290s] -- Found Python3: /usr/bin/python3 (found version "3.12.3") found components: Interpreter 
[0.333s] -- Override CMake install command with custom implementation using symlinks instead of copying resources
[0.349s] -- Found rclcpp: 28.1.6 (/opt/ros/jazzy/share/rclcpp/cmake)
[0.371s] -- Found rosidl_generator_c: 4.6.5 (/opt/ros/jazzy/share/rosidl_generator_c/cmake)
[0.378s] -- Found rosidl_generator_cpp: 4.6.5 (/opt/ros/jazzy/share/rosidl_generator_cpp/cmake)
[0.386s] -- Using all available rosidl_typesupport_c: rosidl_typesupport_fastrtps_c;rosidl_typesupport_introspection_c
[0.395s] -- Using all available rosidl_typesupport_cpp: rosidl_typesupport_fastrtps_cpp;rosidl_typesupport_introspection_cpp
[0.435s] -- Found rmw_implementation_cmake: 7.3.1 (/opt/ros/jazzy/share/rmw_implementation_cmake/cmake)
[0.436s] -- Found rmw_fastrtps_cpp: 8.4.1 (/opt/ros/jazzy/share/rmw_fastrtps_cpp/cmake)
[0.483s] -- Found OpenSSL: /usr/lib/x86_64-linux-gnu/libcrypto.so (found version "3.0.13")  
[0.494s] -- Found FastRTPS: /opt/ros/jazzy/include (Required is at least version "2.13") 
[0.509s] -- Using RMW implementation 'rmw_fastrtps_cpp' as default
[0.550s] -- Found ament_lint_auto: 0.17.1 (/opt/ros/jazzy/share/ament_lint_auto/cmake)
[0.609s] -- Added test 'lint_cmake' to check CMake code style
[0.609s] -- Added test 'xmllint' to check XML markup files
[0.610s] -- Configuring done (0.6s)
[0.612s] -- Generating done (0.0s)
[0.613s] -- Build files have been written to: /home/varunvaidhiya/Desktop/Projects/Mecanum-Wheel-Robot/build/omnibot_description
[0.619s] Invoked command in '/home/varunvaidhiya/Desktop/Projects/Mecanum-Wheel-Robot/build/omnibot_description' returned '0': CMAKE_PREFIX_PATH=${CMAKE_PREFIX_PATH}:/opt/ros/jazzy DEBUGINFOD_URLS=https://debuginfod.ubuntu.com /usr/bin/cmake /home/varunvaidhiya/Desktop/Projects/Mecanum-Wheel-Robot/src/omnibot_description -DAMENT_CMAKE_SYMLINK_INSTALL=1 -DCMAKE_INSTALL_PREFIX=/home/varunvaidhiya/Desktop/Projects/Mecanum-Wheel-Robot/install/omnibot_description
[0.620s] Invoking command in '/home/varunvaidhiya/Desktop/Projects/Mecanum-Wheel-Robot/build/omnibot_description': CMAKE_PREFIX_PATH=${CMAKE_PREFIX_PATH}:/opt/ros/jazzy DEBUGINFOD_URLS=https://debuginfod.ubuntu.com /usr/bin/cmake --build /home/varunvaidhiya/Desktop/Projects/Mecanum-Wheel-Robot/build/omnibot_description -- -j24 -l24
[0.643s] Invoked command in '/home/varunvaidhiya/Desktop/Projects/Mecanum-Wheel-Robot/build/omnibot_description' returned '0': CMAKE_PREFIX_PATH=${CMAKE_PREFIX_PATH}:/opt/ros/jazzy DEBUGINFOD_URLS=https://debuginfod.ubuntu.com /usr/bin/cmake --build /home/varunvaidhiya/Desktop/Projects/Mecanum-Wheel-Robot/build/omnibot_description -- -j24 -l24
[0.649s] Invoking command in '/home/varunvaidhiya/Desktop/Projects/Mecanum-Wheel-Robot/build/omnibot_description': CMAKE_PREFIX_PATH=${CMAKE_PREFIX_PATH}:/opt/ros/jazzy DEBUGINFOD_URLS=https://debuginfod.ubuntu.com /usr/bin/cmake --install /home/varunvaidhiya/Desktop/Projects/Mecanum-Wheel-Robot/build/omnibot_description
[0.654s] -- Install configuration: ""
[0.654s] -- Execute custom install script
[0.654s] -- Symlinking: /home/varunvaidhiya/Desktop/Projects/Mecanum-Wheel-Robot/install/omnibot_description/share/omnibot_description/urdf/omnibot.urdf.xacro
[0.659s] -- Symlinking: /home/varunvaidhiya/Desktop/Projects/Mecanum-Wheel-Robot/install/omnibot_description/share/ament_index/resource_index/package_run_dependencies/omnibot_description
[0.665s] -- Symlinking: /home/varunvaidhiya/Desktop/Projects/Mecanum-Wheel-Robot/install/omnibot_description/share/ament_index/resource_index/parent_prefix_path/omnibot_description
[0.669s] -- Symlinking: /home/varunvaidhiya/Desktop/Projects/Mecanum-Wheel-Robot/install/omnibot_description/share/omnibot_description/environment/ament_prefix_path.sh
[0.673s] -- Symlinking: /home/varunvaidhiya/Desktop/Projects/Mecanum-Wheel-Robot/install/omnibot_description/share/omnibot_description/environment/ament_prefix_path.dsv
[0.678s] -- Symlinking: /home/varunvaidhiya/Desktop/Projects/Mecanum-Wheel-Robot/install/omnibot_description/share/omnibot_description/environment/path.sh
[0.683s] -- Symlinking: /home/varunvaidhiya/Desktop/Projects/Mecanum-Wheel-Robot/install/omnibot_description/share/omnibot_description/environment/path.dsv
[0.688s] -- Symlinking: /home/varunvaidhiya/Desktop/Projects/Mecanum-Wheel-Robot/install/omnibot_description/share/omnibot_description/local_setup.bash
[0.692s] -- Symlinking: /home/varunvaidhiya/Desktop/Projects/Mecanum-Wheel-Robot/install/omnibot_description/share/omnibot_description/local_setup.sh
[0.697s] -- Symlinking: /home/varunvaidhiya/Desktop/Projects/Mecanum-Wheel-Robot/install/omnibot_description/share/omnibot_description/local_setup.zsh
[0.702s] -- Symlinking: /home/varunvaidhiya/Desktop/Projects/Mecanum-Wheel-Robot/install/omnibot_description/share/omnibot_description/local_setup.dsv
[0.706s] -- Symlinking: /home/varunvaidhiya/Desktop/Projects/Mecanum-Wheel-Robot/install/omnibot_description/share/omnibot_description/package.dsv
[0.711s] -- Symlinking: /home/varunvaidhiya/Desktop/Projects/Mecanum-Wheel-Robot/install/omnibot_description/share/ament_index/resource_index/packages/omnibot_description
[0.715s] -- Symlinking: /home/varunvaidhiya/Desktop/Projects/Mecanum-Wheel-Robot/install/omnibot_description/share/omnibot_description/cmake/omnibot_descriptionConfig.cmake
[0.720s] -- Symlinking: /home/varunvaidhiya/Desktop/Projects/Mecanum-Wheel-Robot/install/omnibot_description/share/omnibot_description/cmake/omnibot_descriptionConfig-version.cmake
[0.725s] -- Symlinking: /home/varunvaidhiya/Desktop/Projects/Mecanum-Wheel-Robot/install/omnibot_description/share/omnibot_description/package.xml
[0.730s] Invoked command in '/home/varunvaidhiya/Desktop/Projects/Mecanum-Wheel-Robot/build/omnibot_description' returned '0': CMAKE_PREFIX_PATH=${CMAKE_PREFIX_PATH}:/opt/ros/jazzy DEBUGINFOD_URLS=https://debuginfod.ubuntu.com /usr/bin/cmake --install /home/varunvaidhiya/Desktop/Projects/Mecanum-Wheel-Robot/build/omnibot_description
